<?xml version="1.0" encoding="UTF-8"?>
<coverage generated="1776296049640" clover="3.2.0">
  <project timestamp="1776296049640" name="All files">
    <metrics statements="78" coveredstatements="70" conditionals="51" coveredconditionals="32" methods="20" coveredmethods="16" elements="149" coveredelements="118" complexity="0" loc="78" ncloc="78" packages="1" files="3" classes="3"/>
    <file name="context-extractors.ts" path="/Users/hsilan/github/aws-durable-execution-sdk-js/packages/aws-durable-execution-sdk-js-otel/src/context-extractors.ts">
      <metrics statements="7" coveredstatements="5" conditionals="2" coveredconditionals="1" methods="2" coveredmethods="1"/>
      <line num="1" count="1" type="stmt"/>
      <line num="11" count="1" type="stmt"/>
      <line num="12" count="4" type="stmt"/>
      <line num="13" count="4" type="cond" truecount="1" falsecount="1"/>
      <line num="14" count="0" type="stmt"/>
      <line num="21" count="1" type="stmt"/>
      <line num="24" count="0" type="stmt"/>
    </file>
    <file name="deterministic-id.ts" path="/Users/hsilan/github/aws-durable-execution-sdk-js/packages/aws-durable-execution-sdk-js-otel/src/deterministic-id.ts">
      <metrics statements="3" coveredstatements="3" conditionals="0" coveredconditionals="0" methods="1" coveredmethods="1"/>
      <line num="1" count="1" type="stmt"/>
      <line num="8" count="1" type="stmt"/>
      <line num="9" count="20" type="stmt"/>
    </file>
    <file name="durable-otel-plugin.ts" path="/Users/hsilan/github/aws-durable-execution-sdk-js/packages/aws-durable-execution-sdk-js-otel/src/durable-otel-plugin.ts">
      <metrics statements="68" coveredstatements="62" conditionals="49" coveredconditionals="31" methods="17" coveredmethods="14"/>
      <line num="1" count="1" type="stmt"/>
      <line num="18" count="1" type="stmt"/>
      <line num="19" count="1" type="stmt"/>
      <line num="20" count="1" type="stmt"/>
      <line num="29" count="1" type="stmt"/>
      <line num="33" count="2" type="stmt"/>
      <line num="34" count="2" type="stmt"/>
      <line num="35" count="2" type="stmt"/>
      <line num="37" count="2" type="stmt"/>
      <line num="41" count="2" type="cond" truecount="2" falsecount="0"/>
      <line num="42" count="2" type="stmt"/>
      <line num="43" count="2" type="cond" truecount="1" falsecount="1"/>
      <line num="44" count="2" type="cond" truecount="2" falsecount="0"/>
      <line num="45" count="2" type="cond" truecount="1" falsecount="1"/>
      <line num="49" count="2" type="stmt"/>
      <line num="53" count="2" type="cond" truecount="1" falsecount="1"/>
      <line num="54" count="2" type="stmt"/>
      <line num="55" count="4" type="stmt"/>
      <line num="56" count="2" type="stmt"/>
      <line num="64" count="2" type="stmt"/>
      <line num="66" count="2" type="stmt"/>
      <line num="67" count="10" type="stmt"/>
      <line num="70" count="1" type="stmt"/>
      <line num="78" count="1" type="stmt"/>
      <line num="88" count="10" type="cond" truecount="4" falsecount="0"/>
      <line num="89" count="1" type="stmt"/>
      <line num="91" count="9" type="cond" truecount="1" falsecount="1"/>
      <line num="95" count="6" type="cond" truecount="1" falsecount="1"/>
      <line num="96" count="6" type="stmt"/>
      <line num="97" count="6" type="stmt"/>
      <line num="98" count="6" type="stmt"/>
      <line num="110" count="6" type="stmt"/>
      <line num="112" count="6" type="stmt"/>
      <line num="116" count="6" type="cond" truecount="1" falsecount="1"/>
      <line num="117" count="6" type="stmt"/>
      <line num="118" count="6" type="stmt"/>
      <line num="119" count="6" type="cond" truecount="1" falsecount="1"/>
      <line num="120" count="6" type="cond" truecount="1" falsecount="1"/>
      <line num="121" count="0" type="stmt"/>
      <line num="122" count="0" type="stmt"/>
      <line num="124" count="6" type="stmt"/>
      <line num="125" count="6" type="stmt"/>
      <line num="129" count="4" type="cond" truecount="1" falsecount="1"/>
      <line num="130" count="4" type="stmt"/>
      <line num="131" count="4" type="stmt"/>
      <line num="132" count="4" type="stmt"/>
      <line num="145" count="4" type="stmt"/>
      <line num="147" count="4" type="stmt"/>
      <line num="151" count="4" type="cond" truecount="1" falsecount="1"/>
      <line num="152" count="4" type="stmt"/>
      <line num="153" count="4" type="stmt"/>
      <line num="154" count="4" type="stmt"/>
      <line num="155" count="4" type="cond" truecount="1" falsecount="1"/>
      <line num="156" count="4" type="stmt"/>
      <line num="157" count="4" type="cond" truecount="2" falsecount="0"/>
      <line num="158" count="1" type="stmt"/>
      <line num="159" count="1" type="stmt"/>
      <line num="161" count="4" type="stmt"/>
      <line num="162" count="4" type="stmt"/>
      <line num="166" count="2" type="cond" truecount="1" falsecount="1"/>
      <line num="167" count="2" type="stmt"/>
      <line num="168" count="2" type="stmt"/>
      <line num="170" count="2" type="cond" truecount="3" falsecount="1"/>
      <line num="171" count="2" type="stmt"/>
      <line num="180" count="0" type="stmt"/>
      <line num="181" count="0" type="cond" truecount="0" falsecount="2"/>
      <line num="182" count="0" type="stmt"/>
      <line num="183" count="0" type="stmt"/>
    </file>
  </project>
</coverage>
