{
  "/Users/hsilan/github/aws-durable-execution-sdk-js/packages/aws-durable-execution-sdk-js-otel/src/context-extractors.ts": {
    "path": "/Users/hsilan/github/aws-durable-execution-sdk-js/packages/aws-durable-execution-sdk-js-otel/src/context-extractors.ts",
    "statementMap": {
      "0": {
        "start": { "line": 1, "column": 0 },
        "end": { "line": 1, "column": 67 }
      },
      "1": {
        "start": { "line": 11, "column": 54 },
        "end": { "line": 15, "column": 1 }
      },
      "2": {
        "start": { "line": 12, "column": 22 },
        "end": { "line": 12, "column": 53 }
      },
      "3": {
        "start": { "line": 13, "column": 2 },
        "end": { "line": 13, "column": 44 }
      },
      "4": {
        "start": { "line": 13, "column": 20 },
        "end": { "line": 13, "column": 44 }
      },
      "5": {
        "start": { "line": 14, "column": 2 },
        "end": { "line": 14, "column": 83 }
      },
      "6": {
        "start": { "line": 11, "column": 13 },
        "end": { "line": 11, "column": 54 }
      },
      "7": {
        "start": { "line": 21, "column": 59 },
        "end": { "line": 25, "column": 1 }
      },
      "8": {
        "start": { "line": 24, "column": 2 },
        "end": { "line": 24, "column": 26 }
      },
      "9": {
        "start": { "line": 21, "column": 13 },
        "end": { "line": 21, "column": 59 }
      }
    },
    "fnMap": {
      "0": {
        "name": "(anonymous_0)",
        "decl": {
          "start": { "line": 11, "column": 54 },
          "end": { "line": 11, "column": 66 }
        },
        "loc": {
          "start": { "line": 11, "column": 68 },
          "end": { "line": 15, "column": 1 }
        }
      },
      "1": {
        "name": "(anonymous_1)",
        "decl": {
          "start": { "line": 21, "column": 59 },
          "end": { "line": 21, "column": 71 }
        },
        "loc": {
          "start": { "line": 21, "column": 73 },
          "end": { "line": 25, "column": 1 }
        }
      }
    },
    "branchMap": {
      "0": {
        "loc": {
          "start": { "line": 13, "column": 2 },
          "end": { "line": 13, "column": 44 }
        },
        "type": "if",
        "locations": [
          {
            "start": { "line": 13, "column": 2 },
            "end": { "line": 13, "column": 44 }
          },
          { "start": {}, "end": {} }
        ]
      }
    },
    "s": {
      "0": 1,
      "1": 1,
      "2": 4,
      "3": 4,
      "4": 4,
      "5": 0,
      "6": 1,
      "7": 1,
      "8": 0,
      "9": 1
    },
    "f": { "0": 4, "1": 0 },
    "b": { "0": [4, 0] }
  },
  "/Users/hsilan/github/aws-durable-execution-sdk-js/packages/aws-durable-execution-sdk-js-otel/src/deterministic-id.ts": {
    "path": "/Users/hsilan/github/aws-durable-execution-sdk-js/packages/aws-durable-execution-sdk-js-otel/src/deterministic-id.ts",
    "statementMap": {
      "0": {
        "start": { "line": 8, "column": 0 },
        "end": { "line": 8, "column": 16 }
      },
      "1": {
        "start": { "line": 1, "column": 0 },
        "end": { "line": 1, "column": 36 }
      },
      "2": {
        "start": { "line": 9, "column": 2 },
        "end": { "line": 9, "column": 77 }
      }
    },
    "fnMap": {
      "0": {
        "name": "deterministicSpanId",
        "decl": {
          "start": { "line": 8, "column": 16 },
          "end": { "line": 8, "column": 35 }
        },
        "loc": {
          "start": { "line": 8, "column": 55 },
          "end": { "line": 10, "column": 1 }
        }
      }
    },
    "branchMap": {},
    "s": { "0": 1, "1": 1, "2": 20 },
    "f": { "0": 20 },
    "b": {}
  },
  "/Users/hsilan/github/aws-durable-execution-sdk-js/packages/aws-durable-execution-sdk-js-otel/src/durable-otel-plugin.ts": {
    "path": "/Users/hsilan/github/aws-durable-execution-sdk-js/packages/aws-durable-execution-sdk-js-otel/src/durable-otel-plugin.ts",
    "statementMap": {
      "0": {
        "start": { "line": 1, "column": 0 },
        "end": { "line": 1, "column": null }
      },
      "1": {
        "start": { "line": 18, "column": 0 },
        "end": { "line": 18, "column": 70 }
      },
      "2": {
        "start": { "line": 19, "column": 0 },
        "end": { "line": 19, "column": 78 }
      },
      "3": {
        "start": { "line": 20, "column": 0 },
        "end": { "line": 20, "column": 57 }
      },
      "4": {
        "start": { "line": 33, "column": 20 },
        "end": { "line": 33, "column": 25 }
      },
      "5": {
        "start": { "line": 34, "column": 41 },
        "end": { "line": 34, "column": 67 }
      },
      "6": {
        "start": { "line": 34, "column": 47 },
        "end": { "line": 34, "column": 67 }
      },
      "7": {
        "start": { "line": 35, "column": 25 },
        "end": { "line": 35, "column": 27 }
      },
      "8": {
        "start": { "line": 37, "column": 27 },
        "end": { "line": 37, "column": 50 }
      },
      "9": {
        "start": { "line": 41, "column": 32 },
        "end": { "line": 41, "column": 92 }
      },
      "10": {
        "start": { "line": 42, "column": 4 },
        "end": { "line": 42, "column": 36 }
      },
      "11": {
        "start": { "line": 43, "column": 4 },
        "end": { "line": 43, "column": 96 }
      },
      "12": {
        "start": { "line": 44, "column": 4 },
        "end": { "line": 44, "column": 76 }
      },
      "13": {
        "start": { "line": 45, "column": 4 },
        "end": { "line": 45, "column": 51 }
      },
      "14": {
        "start": { "line": 49, "column": 4 },
        "end": { "line": 49, "column": 79 }
      },
      "15": {
        "start": { "line": 53, "column": 4 },
        "end": { "line": 53, "column": 30 }
      },
      "16": {
        "start": { "line": 53, "column": 23 },
        "end": { "line": 53, "column": 30 }
      },
      "17": {
        "start": { "line": 54, "column": 4 },
        "end": { "line": 54, "column": 42 }
      },
      "18": {
        "start": { "line": 55, "column": 4 },
        "end": { "line": 55, "column": 59 }
      },
      "19": {
        "start": { "line": 55, "column": 31 },
        "end": { "line": 55, "column": 58 }
      },
      "20": {
        "start": { "line": 56, "column": 4 },
        "end": { "line": 65, "column": 6 }
      },
      "21": {
        "start": { "line": 64, "column": 16 },
        "end": { "line": 64, "column": 20 }
      },
      "22": {
        "start": { "line": 66, "column": 30 },
        "end": { "line": 66, "column": 86 }
      },
      "23": {
        "start": { "line": 67, "column": 4 },
        "end": { "line": 67, "column": 49 }
      },
      "24": {
        "start": { "line": 67, "column": 31 },
        "end": { "line": 67, "column": 48 }
      },
      "25": {
        "start": { "line": 70, "column": 71 },
        "end": { "line": 76, "column": 4 }
      },
      "26": {
        "start": { "line": 78, "column": 64 },
        "end": { "line": 85, "column": 4 }
      },
      "27": {
        "start": { "line": 88, "column": 4 },
        "end": { "line": 90, "column": 5 }
      },
      "28": {
        "start": { "line": 89, "column": 6 },
        "end": { "line": 89, "column": 57 }
      },
      "29": {
        "start": { "line": 91, "column": 4 },
        "end": { "line": 91, "column": 86 }
      },
      "30": {
        "start": { "line": 95, "column": 4 },
        "end": { "line": 95, "column": 30 }
      },
      "31": {
        "start": { "line": 95, "column": 23 },
        "end": { "line": 95, "column": 30 }
      },
      "32": {
        "start": { "line": 96, "column": 19 },
        "end": { "line": 96, "column": 47 }
      },
      "33": {
        "start": { "line": 97, "column": 26 },
        "end": { "line": 97, "column": 53 }
      },
      "34": {
        "start": { "line": 98, "column": 17 },
        "end": { "line": 110, "column": null }
      },
      "35": {
        "start": { "line": 110, "column": 13 },
        "end": { "line": 110, "column": 14 }
      },
      "36": {
        "start": { "line": 112, "column": 4 },
        "end": { "line": 112, "column": 42 }
      },
      "37": {
        "start": { "line": 116, "column": 4 },
        "end": { "line": 116, "column": 30 }
      },
      "38": {
        "start": { "line": 116, "column": 23 },
        "end": { "line": 116, "column": 30 }
      },
      "39": {
        "start": { "line": 117, "column": 19 },
        "end": { "line": 117, "column": 47 }
      },
      "40": {
        "start": { "line": 118, "column": 17 },
        "end": { "line": 118, "column": 48 }
      },
      "41": {
        "start": { "line": 119, "column": 4 },
        "end": { "line": 119, "column": 22 }
      },
      "42": {
        "start": { "line": 119, "column": 15 },
        "end": { "line": 119, "column": 22 }
      },
      "43": {
        "start": { "line": 120, "column": 4 },
        "end": { "line": 123, "column": 5 }
      },
      "44": {
        "start": { "line": 121, "column": 6 },
        "end": { "line": 121, "column": 82 }
      },
      "45": {
        "start": { "line": 122, "column": 6 },
        "end": { "line": 122, "column": 39 }
      },
      "46": {
        "start": { "line": 124, "column": 4 },
        "end": { "line": 124, "column": 15 }
      },
      "47": {
        "start": { "line": 125, "column": 4 },
        "end": { "line": 125, "column": 39 }
      },
      "48": {
        "start": { "line": 129, "column": 4 },
        "end": { "line": 129, "column": 30 }
      },
      "49": {
        "start": { "line": 129, "column": 23 },
        "end": { "line": 129, "column": 30 }
      },
      "50": {
        "start": { "line": 130, "column": 19 },
        "end": { "line": 130, "column": 47 }
      },
      "51": {
        "start": { "line": 131, "column": 26 },
        "end": { "line": 131, "column": 53 }
      },
      "52": {
        "start": { "line": 132, "column": 24 },
        "end": { "line": 145, "column": null }
      },
      "53": {
        "start": { "line": 145, "column": 13 },
        "end": { "line": 145, "column": 14 }
      },
      "54": {
        "start": { "line": 147, "column": 4 },
        "end": { "line": 147, "column": 78 }
      },
      "55": {
        "start": { "line": 151, "column": 4 },
        "end": { "line": 151, "column": 30 }
      },
      "56": {
        "start": { "line": 151, "column": 23 },
        "end": { "line": 151, "column": 30 }
      },
      "57": {
        "start": { "line": 152, "column": 19 },
        "end": { "line": 152, "column": 47 }
      },
      "58": {
        "start": { "line": 153, "column": 16 },
        "end": { "line": 153, "column": 51 }
      },
      "59": {
        "start": { "line": 154, "column": 17 },
        "end": { "line": 154, "column": 45 }
      },
      "60": {
        "start": { "line": 155, "column": 4 },
        "end": { "line": 155, "column": 22 }
      },
      "61": {
        "start": { "line": 155, "column": 15 },
        "end": { "line": 155, "column": 22 }
      },
      "62": {
        "start": { "line": 156, "column": 4 },
        "end": { "line": 156, "column": 63 }
      },
      "63": {
        "start": { "line": 157, "column": 4 },
        "end": { "line": 160, "column": 5 }
      },
      "64": {
        "start": { "line": 158, "column": 6 },
        "end": { "line": 158, "column": 82 }
      },
      "65": {
        "start": { "line": 159, "column": 6 },
        "end": { "line": 159, "column": 39 }
      },
      "66": {
        "start": { "line": 161, "column": 4 },
        "end": { "line": 161, "column": 15 }
      },
      "67": {
        "start": { "line": 162, "column": 4 },
        "end": { "line": 162, "column": 36 }
      },
      "68": {
        "start": { "line": 166, "column": 4 },
        "end": { "line": 166, "column": 30 }
      },
      "69": {
        "start": { "line": 166, "column": 23 },
        "end": { "line": 166, "column": 30 }
      },
      "70": {
        "start": { "line": 167, "column": 4 },
        "end": { "line": 167, "column": 31 }
      },
      "71": {
        "start": { "line": 168, "column": 4 },
        "end": { "line": 168, "column": 36 }
      },
      "72": {
        "start": { "line": 170, "column": 4 },
        "end": { "line": 172, "column": 5 }
      },
      "73": {
        "start": { "line": 171, "column": 6 },
        "end": { "line": 171, "column": 80 }
      },
      "74": {
        "start": { "line": 180, "column": 17 },
        "end": { "line": 180, "column": 38 }
      },
      "75": {
        "start": { "line": 181, "column": 4 },
        "end": { "line": 181, "column": 47 }
      },
      "76": {
        "start": { "line": 181, "column": 30 },
        "end": { "line": 181, "column": 47 }
      },
      "77": {
        "start": { "line": 182, "column": 16 },
        "end": { "line": 182, "column": 34 }
      },
      "78": {
        "start": { "line": 183, "column": 4 },
        "end": { "line": 183, "column": 56 }
      },
      "79": {
        "start": { "line": 29, "column": 0 },
        "end": { "line": 29, "column": 13 }
      }
    },
    "fnMap": {
      "0": {
        "name": "(anonymous_0)",
        "decl": {
          "start": { "line": 34, "column": 41 },
          "end": { "line": 34, "column": 44 }
        },
        "loc": {
          "start": { "line": 34, "column": 47 },
          "end": { "line": 34, "column": 67 }
        }
      },
      "1": {
        "name": "(anonymous_1)",
        "decl": {
          "start": { "line": 40, "column": 2 },
          "end": { "line": 40, "column": 14 }
        },
        "loc": {
          "start": { "line": 40, "column": 50 },
          "end": { "line": 46, "column": 3 }
        }
      },
      "2": {
        "name": "(anonymous_2)",
        "decl": {
          "start": { "line": 48, "column": 2 },
          "end": { "line": 48, "column": 18 }
        },
        "loc": {
          "start": { "line": 48, "column": 39 },
          "end": { "line": 50, "column": 3 }
        }
      },
      "3": {
        "name": "(anonymous_3)",
        "decl": {
          "start": { "line": 52, "column": 2 },
          "end": { "line": 52, "column": 19 }
        },
        "loc": {
          "start": { "line": 52, "column": 40 },
          "end": { "line": 68, "column": 3 }
        }
      },
      "4": {
        "name": "(anonymous_4)",
        "decl": {
          "start": { "line": 55, "column": 25 },
          "end": { "line": 55, "column": 28 }
        },
        "loc": {
          "start": { "line": 55, "column": 31 },
          "end": { "line": 55, "column": 58 }
        }
      },
      "5": {
        "name": "(anonymous_5)",
        "decl": {
          "start": { "line": 64, "column": 6 },
          "end": { "line": 64, "column": 7 }
        },
        "loc": {
          "start": { "line": 64, "column": 16 },
          "end": { "line": 64, "column": 20 }
        }
      },
      "6": {
        "name": "(anonymous_6)",
        "decl": {
          "start": { "line": 67, "column": 25 },
          "end": { "line": 67, "column": 28 }
        },
        "loc": {
          "start": { "line": 67, "column": 31 },
          "end": { "line": 67, "column": 48 }
        }
      },
      "7": {
        "name": "(anonymous_7)",
        "decl": {
          "start": { "line": 87, "column": 10 },
          "end": { "line": 87, "column": 26 }
        },
        "loc": {
          "start": { "line": 87, "column": 46 },
          "end": { "line": 92, "column": 3 }
        }
      },
      "8": {
        "name": "(anonymous_8)",
        "decl": {
          "start": { "line": 94, "column": 2 },
          "end": { "line": 94, "column": 18 }
        },
        "loc": {
          "start": { "line": 94, "column": 38 },
          "end": { "line": 113, "column": 3 }
        }
      },
      "9": {
        "name": "(anonymous_9)",
        "decl": {
          "start": { "line": 110, "column": 6 },
          "end": { "line": 110, "column": 7 }
        },
        "loc": {
          "start": { "line": 110, "column": 13 },
          "end": { "line": 110, "column": 14 }
        }
      },
      "10": {
        "name": "(anonymous_10)",
        "decl": {
          "start": { "line": 115, "column": 2 },
          "end": { "line": 115, "column": 16 }
        },
        "loc": {
          "start": { "line": 115, "column": 56 },
          "end": { "line": 126, "column": 3 }
        }
      },
      "11": {
        "name": "(anonymous_11)",
        "decl": {
          "start": { "line": 128, "column": 2 },
          "end": { "line": 128, "column": 25 }
        },
        "loc": {
          "start": { "line": 128, "column": 43 },
          "end": { "line": 148, "column": 3 }
        }
      },
      "12": {
        "name": "(anonymous_12)",
        "decl": {
          "start": { "line": 145, "column": 6 },
          "end": { "line": 145, "column": 7 }
        },
        "loc": {
          "start": { "line": 145, "column": 13 },
          "end": { "line": 145, "column": 14 }
        }
      },
      "13": {
        "name": "(anonymous_13)",
        "decl": {
          "start": { "line": 150, "column": 2 },
          "end": { "line": 150, "column": 23 }
        },
        "loc": {
          "start": { "line": 150, "column": 44 },
          "end": { "line": 163, "column": 3 }
        }
      },
      "14": {
        "name": "(anonymous_14)",
        "decl": {
          "start": { "line": 165, "column": 2 },
          "end": { "line": 165, "column": 7 }
        },
        "loc": {
          "start": { "line": 165, "column": 45 },
          "end": { "line": 173, "column": 3 }
        }
      },
      "15": {
        "name": "(anonymous_15)",
        "decl": {
          "start": { "line": 175, "column": 2 },
          "end": { "line": 175, "column": 7 }
        },
        "loc": {
          "start": { "line": 175, "column": 46 },
          "end": { "line": 177, "column": 3 }
        }
      },
      "16": {
        "name": "(anonymous_16)",
        "decl": {
          "start": { "line": 179, "column": 2 },
          "end": { "line": 179, "column": 18 }
        },
        "loc": {
          "start": { "line": 179, "column": 18 },
          "end": { "line": 184, "column": 3 }
        }
      }
    },
    "branchMap": {
      "0": {
        "loc": {
          "start": { "line": 40, "column": 14 },
          "end": { "line": 40, "column": 50 }
        },
        "type": "default-arg",
        "locations": [
          {
            "start": { "line": 40, "column": 48 },
            "end": { "line": 40, "column": 50 }
          }
        ]
      },
      "1": {
        "loc": {
          "start": { "line": 41, "column": 32 },
          "end": { "line": 41, "column": 92 }
        },
        "type": "binary-expr",
        "locations": [
          {
            "start": { "line": 41, "column": 32 },
            "end": { "line": 41, "column": 58 }
          },
          {
            "start": { "line": 41, "column": 62 },
            "end": { "line": 41, "column": 92 }
          }
        ]
      },
      "2": {
        "loc": {
          "start": { "line": 43, "column": 19 },
          "end": { "line": 43, "column": 63 }
        },
        "type": "binary-expr",
        "locations": [
          {
            "start": { "line": 43, "column": 19 },
            "end": { "line": 43, "column": 34 }
          },
          {
            "start": { "line": 43, "column": 38 },
            "end": { "line": 43, "column": 63 }
          }
        ]
      },
      "3": {
        "loc": {
          "start": { "line": 44, "column": 28 },
          "end": { "line": 44, "column": 75 }
        },
        "type": "binary-expr",
        "locations": [
          {
            "start": { "line": 44, "column": 28 },
            "end": { "line": 44, "column": 51 }
          },
          {
            "start": { "line": 44, "column": 55 },
            "end": { "line": 44, "column": 75 }
          }
        ]
      },
      "4": {
        "loc": {
          "start": { "line": 45, "column": 24 },
          "end": { "line": 45, "column": 50 }
        },
        "type": "binary-expr",
        "locations": [
          {
            "start": { "line": 45, "column": 24 },
            "end": { "line": 45, "column": 43 }
          },
          {
            "start": { "line": 45, "column": 47 },
            "end": { "line": 45, "column": 50 }
          }
        ]
      },
      "5": {
        "loc": {
          "start": { "line": 53, "column": 4 },
          "end": { "line": 53, "column": 30 }
        },
        "type": "if",
        "locations": [
          {
            "start": { "line": 53, "column": 4 },
            "end": { "line": 53, "column": 30 }
          },
          { "start": {}, "end": {} }
        ]
      },
      "6": {
        "loc": {
          "start": { "line": 88, "column": 4 },
          "end": { "line": 90, "column": 5 }
        },
        "type": "if",
        "locations": [
          {
            "start": { "line": 88, "column": 4 },
            "end": { "line": 90, "column": 5 }
          },
          { "start": {}, "end": {} }
        ]
      },
      "7": {
        "loc": {
          "start": { "line": 88, "column": 8 },
          "end": { "line": 88, "column": 67 }
        },
        "type": "binary-expr",
        "locations": [
          {
            "start": { "line": 88, "column": 8 },
            "end": { "line": 88, "column": 20 }
          },
          {
            "start": { "line": 88, "column": 24 },
            "end": { "line": 88, "column": 67 }
          }
        ]
      },
      "8": {
        "loc": {
          "start": { "line": 91, "column": 11 },
          "end": { "line": 91, "column": 85 }
        },
        "type": "binary-expr",
        "locations": [
          {
            "start": { "line": 91, "column": 11 },
            "end": { "line": 91, "column": 58 }
          },
          {
            "start": { "line": 91, "column": 62 },
            "end": { "line": 91, "column": 85 }
          }
        ]
      },
      "9": {
        "loc": {
          "start": { "line": 95, "column": 4 },
          "end": { "line": 95, "column": 30 }
        },
        "type": "if",
        "locations": [
          {
            "start": { "line": 95, "column": 4 },
            "end": { "line": 95, "column": 30 }
          },
          { "start": {}, "end": {} }
        ]
      },
      "10": {
        "loc": {
          "start": { "line": 99, "column": 6 },
          "end": { "line": 99, "column": 32 }
        },
        "type": "binary-expr",
        "locations": [
          {
            "start": { "line": 99, "column": 6 },
            "end": { "line": 99, "column": 15 }
          },
          {
            "start": { "line": 99, "column": 19 },
            "end": { "line": 99, "column": 32 }
          }
        ]
      },
      "11": {
        "loc": {
          "start": { "line": 105, "column": 14 },
          "end": { "line": 105, "column": 66 }
        },
        "type": "binary-expr",
        "locations": [
          {
            "start": { "line": 105, "column": 14 },
            "end": { "line": 105, "column": 23 }
          },
          {
            "start": { "line": 105, "column": 27 },
            "end": { "line": 105, "column": 66 }
          }
        ]
      },
      "12": {
        "loc": {
          "start": { "line": 116, "column": 4 },
          "end": { "line": 116, "column": 30 }
        },
        "type": "if",
        "locations": [
          {
            "start": { "line": 116, "column": 4 },
            "end": { "line": 116, "column": 30 }
          },
          { "start": {}, "end": {} }
        ]
      },
      "13": {
        "loc": {
          "start": { "line": 119, "column": 4 },
          "end": { "line": 119, "column": 22 }
        },
        "type": "if",
        "locations": [
          {
            "start": { "line": 119, "column": 4 },
            "end": { "line": 119, "column": 22 }
          },
          { "start": {}, "end": {} }
        ]
      },
      "14": {
        "loc": {
          "start": { "line": 120, "column": 4 },
          "end": { "line": 123, "column": 5 }
        },
        "type": "if",
        "locations": [
          {
            "start": { "line": 120, "column": 4 },
            "end": { "line": 123, "column": 5 }
          },
          { "start": {}, "end": {} }
        ]
      },
      "15": {
        "loc": {
          "start": { "line": 129, "column": 4 },
          "end": { "line": 129, "column": 30 }
        },
        "type": "if",
        "locations": [
          {
            "start": { "line": 129, "column": 4 },
            "end": { "line": 129, "column": 30 }
          },
          { "start": {}, "end": {} }
        ]
      },
      "16": {
        "loc": {
          "start": { "line": 133, "column": 6 },
          "end": { "line": 133, "column": 32 }
        },
        "type": "binary-expr",
        "locations": [
          {
            "start": { "line": 133, "column": 6 },
            "end": { "line": 133, "column": 15 }
          },
          {
            "start": { "line": 133, "column": 19 },
            "end": { "line": 133, "column": 32 }
          }
        ]
      },
      "17": {
        "loc": {
          "start": { "line": 139, "column": 14 },
          "end": { "line": 139, "column": 66 }
        },
        "type": "binary-expr",
        "locations": [
          {
            "start": { "line": 139, "column": 14 },
            "end": { "line": 139, "column": 23 }
          },
          {
            "start": { "line": 139, "column": 27 },
            "end": { "line": 139, "column": 66 }
          }
        ]
      },
      "18": {
        "loc": {
          "start": { "line": 151, "column": 4 },
          "end": { "line": 151, "column": 30 }
        },
        "type": "if",
        "locations": [
          {
            "start": { "line": 151, "column": 4 },
            "end": { "line": 151, "column": 30 }
          },
          { "start": {}, "end": {} }
        ]
      },
      "19": {
        "loc": {
          "start": { "line": 155, "column": 4 },
          "end": { "line": 155, "column": 22 }
        },
        "type": "if",
        "locations": [
          {
            "start": { "line": 155, "column": 4 },
            "end": { "line": 155, "column": 22 }
          },
          { "start": {}, "end": {} }
        ]
      },
      "20": {
        "loc": {
          "start": { "line": 157, "column": 4 },
          "end": { "line": 160, "column": 5 }
        },
        "type": "if",
        "locations": [
          {
            "start": { "line": 157, "column": 4 },
            "end": { "line": 160, "column": 5 }
          },
          { "start": {}, "end": {} }
        ]
      },
      "21": {
        "loc": {
          "start": { "line": 166, "column": 4 },
          "end": { "line": 166, "column": 30 }
        },
        "type": "if",
        "locations": [
          {
            "start": { "line": 166, "column": 4 },
            "end": { "line": 166, "column": 30 }
          },
          { "start": {}, "end": {} }
        ]
      },
      "22": {
        "loc": {
          "start": { "line": 170, "column": 4 },
          "end": { "line": 172, "column": 5 }
        },
        "type": "if",
        "locations": [
          {
            "start": { "line": 170, "column": 4 },
            "end": { "line": 172, "column": 5 }
          },
          { "start": {}, "end": {} }
        ]
      },
      "23": {
        "loc": {
          "start": { "line": 170, "column": 8 },
          "end": { "line": 170, "column": 54 }
        },
        "type": "binary-expr",
        "locations": [
          {
            "start": { "line": 170, "column": 8 },
            "end": { "line": 170, "column": 21 }
          },
          {
            "start": { "line": 170, "column": 25 },
            "end": { "line": 170, "column": 54 }
          }
        ]
      },
      "24": {
        "loc": {
          "start": { "line": 181, "column": 4 },
          "end": { "line": 181, "column": 47 }
        },
        "type": "if",
        "locations": [
          {
            "start": { "line": 181, "column": 4 },
            "end": { "line": 181, "column": 47 }
          },
          { "start": {}, "end": {} }
        ]
      }
    },
    "s": {
      "0": 1,
      "1": 1,
      "2": 1,
      "3": 1,
      "4": 2,
      "5": 2,
      "6": 0,
      "7": 2,
      "8": 2,
      "9": 2,
      "10": 2,
      "11": 2,
      "12": 2,
      "13": 2,
      "14": 2,
      "15": 2,
      "16": 0,
      "17": 2,
      "18": 2,
      "19": 4,
      "20": 2,
      "21": 2,
      "22": 2,
      "23": 2,
      "24": 10,
      "25": 1,
      "26": 1,
      "27": 10,
      "28": 1,
      "29": 9,
      "30": 6,
      "31": 0,
      "32": 6,
      "33": 6,
      "34": 6,
      "35": 6,
      "36": 6,
      "37": 6,
      "38": 0,
      "39": 6,
      "40": 6,
      "41": 6,
      "42": 0,
      "43": 6,
      "44": 0,
      "45": 0,
      "46": 6,
      "47": 6,
      "48": 4,
      "49": 0,
      "50": 4,
      "51": 4,
      "52": 4,
      "53": 4,
      "54": 4,
      "55": 4,
      "56": 0,
      "57": 4,
      "58": 4,
      "59": 4,
      "60": 4,
      "61": 0,
      "62": 4,
      "63": 4,
      "64": 1,
      "65": 1,
      "66": 4,
      "67": 4,
      "68": 2,
      "69": 0,
      "70": 2,
      "71": 2,
      "72": 2,
      "73": 2,
      "74": 0,
      "75": 0,
      "76": 0,
      "77": 0,
      "78": 0,
      "79": 1
    },
    "f": {
      "0": 0,
      "1": 2,
      "2": 2,
      "3": 2,
      "4": 4,
      "5": 2,
      "6": 10,
      "7": 10,
      "8": 6,
      "9": 6,
      "10": 6,
      "11": 4,
      "12": 4,
      "13": 4,
      "14": 2,
      "15": 0,
      "16": 0
    },
    "b": {
      "0": [0],
      "1": [2, 2],
      "2": [2, 0],
      "3": [2, 2],
      "4": [2, 0],
      "5": [0, 2],
      "6": [1, 9],
      "7": [10, 10],
      "8": [9, 0],
      "9": [0, 6],
      "10": [6, 0],
      "11": [6, 6],
      "12": [0, 6],
      "13": [0, 6],
      "14": [0, 6],
      "15": [0, 4],
      "16": [4, 0],
      "17": [4, 4],
      "18": [0, 4],
      "19": [0, 4],
      "20": [1, 3],
      "21": [0, 2],
      "22": [2, 0],
      "23": [2, 2],
      "24": [0, 0]
    }
  }
}
