TN:
SF:src/context-extractors.ts
FN:11,(anonymous_0)
FN:21,(anonymous_1)
FNF:2
FNH:1
FNDA:4,(anonymous_0)
FNDA:0,(anonymous_1)
DA:1,1
DA:11,1
DA:12,4
DA:13,4
DA:14,0
DA:21,1
DA:24,0
LF:7
LH:5
BRDA:13,0,0,4
BRDA:13,0,1,0
BRF:2
BRH:1
end_of_record
TN:
SF:src/deterministic-id.ts
FN:8,deterministicSpanId
FNF:1
FNH:1
FNDA:20,deterministicSpanId
DA:1,1
DA:8,1
DA:9,20
LF:3
LH:3
BRF:0
BRH:0
end_of_record
TN:
SF:src/durable-otel-plugin.ts
FN:34,(anonymous_0)
FN:40,(anonymous_1)
FN:48,(anonymous_2)
FN:52,(anonymous_3)
FN:55,(anonymous_4)
FN:64,(anonymous_5)
FN:67,(anonymous_6)
FN:87,(anonymous_7)
FN:94,(anonymous_8)
FN:110,(anonymous_9)
FN:115,(anonymous_10)
FN:128,(anonymous_11)
FN:145,(anonymous_12)
FN:150,(anonymous_13)
FN:165,(anonymous_14)
FN:175,(anonymous_15)
FN:179,(anonymous_16)
FNF:17
FNH:14
FNDA:0,(anonymous_0)
FNDA:2,(anonymous_1)
FNDA:2,(anonymous_2)
FNDA:2,(anonymous_3)
FNDA:4,(anonymous_4)
FNDA:2,(anonymous_5)
FNDA:10,(anonymous_6)
FNDA:10,(anonymous_7)
FNDA:6,(anonymous_8)
FNDA:6,(anonymous_9)
FNDA:6,(anonymous_10)
FNDA:4,(anonymous_11)
FNDA:4,(anonymous_12)
FNDA:4,(anonymous_13)
FNDA:2,(anonymous_14)
FNDA:0,(anonymous_15)
FNDA:0,(anonymous_16)
DA:1,1
DA:18,1
DA:19,1
DA:20,1
DA:29,1
DA:33,2
DA:34,2
DA:35,2
DA:37,2
DA:41,2
DA:42,2
DA:43,2
DA:44,2
DA:45,2
DA:49,2
DA:53,2
DA:54,2
DA:55,4
DA:56,2
DA:64,2
DA:66,2
DA:67,10
DA:70,1
DA:78,1
DA:88,10
DA:89,1
DA:91,9
DA:95,6
DA:96,6
DA:97,6
DA:98,6
DA:110,6
DA:112,6
DA:116,6
DA:117,6
DA:118,6
DA:119,6
DA:120,6
DA:121,0
DA:122,0
DA:124,6
DA:125,6
DA:129,4
DA:130,4
DA:131,4
DA:132,4
DA:145,4
DA:147,4
DA:151,4
DA:152,4
DA:153,4
DA:154,4
DA:155,4
DA:156,4
DA:157,4
DA:158,1
DA:159,1
DA:161,4
DA:162,4
DA:166,2
DA:167,2
DA:168,2
DA:170,2
DA:171,2
DA:180,0
DA:181,0
DA:182,0
DA:183,0
LF:68
LH:62
BRDA:40,0,0,0
BRDA:41,1,0,2
BRDA:41,1,1,2
BRDA:43,2,0,2
BRDA:43,2,1,0
BRDA:44,3,0,2
BRDA:44,3,1,2
BRDA:45,4,0,2
BRDA:45,4,1,0
BRDA:53,5,0,0
BRDA:53,5,1,2
BRDA:88,6,0,1
BRDA:88,6,1,9
BRDA:88,7,0,10
BRDA:88,7,1,10
BRDA:91,8,0,9
BRDA:91,8,1,0
BRDA:95,9,0,0
BRDA:95,9,1,6
BRDA:99,10,0,6
BRDA:99,10,1,0
BRDA:105,11,0,6
BRDA:105,11,1,6
BRDA:116,12,0,0
BRDA:116,12,1,6
BRDA:119,13,0,0
BRDA:119,13,1,6
BRDA:120,14,0,0
BRDA:120,14,1,6
BRDA:129,15,0,0
BRDA:129,15,1,4
BRDA:133,16,0,4
BRDA:133,16,1,0
BRDA:139,17,0,4
BRDA:139,17,1,4
BRDA:151,18,0,0
BRDA:151,18,1,4
BRDA:155,19,0,0
BRDA:155,19,1,4
BRDA:157,20,0,1
BRDA:157,20,1,3
BRDA:166,21,0,0
BRDA:166,21,1,2
BRDA:170,22,0,2
BRDA:170,22,1,0
BRDA:170,23,0,2
BRDA:170,23,1,2
BRDA:181,24,0,0
BRDA:181,24,1,0
BRF:49
BRH:31
end_of_record
